{"D:\\typeGraphql\\src\\Config\\dbConn.ts": {"path":"D:\\typeGraphql\\src\\Config\\dbConn.ts","statementMap":{"0":{"start":{"line":1,"column":0},"end":{"line":1,"column":30}},"1":{"start":{"line":2,"column":0},"end":{"line":2,"column":27}},"2":{"start":{"line":4,"column":18},"end":{"line":4,"column":49}},"3":{"start":{"line":5,"column":0},"end":{"line":7,"column":null}},"4":{"start":{"line":6,"column":2},"end":{"line":6,"column":80}},"5":{"start":{"line":9,"column":13},"end":{"line":11,"column":3}}},"fnMap":{},"branchMap":{"0":{"loc":{"start":{"line":5,"column":0},"end":{"line":7,"column":null}},"type":"if","locations":[{"start":{"line":5,"column":0},"end":{"line":7,"column":null}}]}},"s":{"0":1,"1":1,"2":1,"3":1,"4":0,"5":1},"f":{},"b":{"0":[0]}}
,"D:\\typeGraphql\\src\\helpers\\Student.ts": {"path":"D:\\typeGraphql\\src\\helpers\\Student.ts","statementMap":{"0":{"start":{"line":1,"column":0},"end":{"line":1,"column":35}},"1":{"start":{"line":2,"column":0},"end":{"line":2,"column":42}},"2":{"start":{"line":6,"column":29},"end":{"line":18,"column":null}},"3":{"start":{"line":6,"column":70},"end":{"line":18,"column":null}},"4":{"start":{"line":8,"column":45},"end":{"line":12,"column":null}},"5":{"start":{"line":8,"column":16},"end":{"line":8,"column":45}},"6":{"start":{"line":13,"column":8},"end":{"line":13,"column":null}},"7":{"start":{"line":15,"column":8},"end":{"line":15,"column":null}},"8":{"start":{"line":16,"column":8},"end":{"line":16,"column":null}},"9":{"start":{"line":6,"column":13},"end":{"line":6,"column":29}},"10":{"start":{"line":21,"column":26},"end":{"line":37,"column":null}},"11":{"start":{"line":21,"column":77},"end":{"line":37,"column":null}},"12":{"start":{"line":23,"column":44},"end":{"line":31,"column":null}},"13":{"start":{"line":23,"column":15},"end":{"line":23,"column":44}},"14":{"start":{"line":32,"column":7},"end":{"line":32,"column":19}},"15":{"start":{"line":34,"column":7},"end":{"line":34,"column":35}},"16":{"start":{"line":35,"column":7},"end":{"line":35,"column":19}},"17":{"start":{"line":21,"column":13},"end":{"line":21,"column":26}}},"fnMap":{"0":{"name":"(anonymous_13)","decl":{"start":{"line":6,"column":29},"end":{"line":6,"column":35}},"loc":{"start":{"line":6,"column":70},"end":{"line":18,"column":null}}},"1":{"name":"(anonymous_14)","decl":{"start":{"line":6,"column":70},"end":{"line":6,"column":null}},"loc":{"start":{"line":6,"column":70},"end":{"line":18,"column":null}}},"2":{"name":"(anonymous_16)","decl":{"start":{"line":21,"column":26},"end":{"line":21,"column":32}},"loc":{"start":{"line":21,"column":77},"end":{"line":37,"column":null}}},"3":{"name":"(anonymous_17)","decl":{"start":{"line":21,"column":77},"end":{"line":21,"column":null}},"loc":{"start":{"line":21,"column":77},"end":{"line":37,"column":null}}}},"branchMap":{},"s":{"0":1,"1":1,"2":1,"3":1,"4":1,"5":1,"6":1,"7":0,"8":0,"9":1,"10":1,"11":1,"12":1,"13":1,"14":1,"15":0,"16":0,"17":1},"f":{"0":1,"1":1,"2":1,"3":1},"b":{}}
}
