{"D:\\typeGraphql\\src\\Config\\dbConn.ts": {"path":"D:\\typeGraphql\\src\\Config\\dbConn.ts","statementMap":{"0":{"start":{"line":1,"column":0},"end":{"line":1,"column":30}},"1":{"start":{"line":2,"column":0},"end":{"line":2,"column":27}},"2":{"start":{"line":4,"column":18},"end":{"line":4,"column":49}},"3":{"start":{"line":5,"column":0},"end":{"line":7,"column":null}},"4":{"start":{"line":6,"column":2},"end":{"line":6,"column":80}},"5":{"start":{"line":9,"column":13},"end":{"line":11,"column":3}}},"fnMap":{},"branchMap":{"0":{"loc":{"start":{"line":5,"column":0},"end":{"line":7,"column":null}},"type":"if","locations":[{"start":{"line":5,"column":0},"end":{"line":7,"column":null}}]}},"s":{"0":1,"1":1,"2":1,"3":1,"4":0,"5":1},"f":{},"b":{"0":[0]}}
,"D:\\typeGraphql\\src\\helpers\\Student.ts": {"path":"D:\\typeGraphql\\src\\helpers\\Student.ts","statementMap":{"0":{"start":{"line":1,"column":0},"end":{"line":1,"column":37}},"1":{"start":{"line":2,"column":0},"end":{"line":2,"column":42}},"2":{"start":{"line":6,"column":29},"end":{"line":22,"column":2}},"3":{"start":{"line":9,"column":13},"end":{"line":22,"column":2}},"4":{"start":{"line":12,"column":41},"end":{"line":16,"column":null}},"5":{"start":{"line":12,"column":12},"end":{"line":12,"column":41}},"6":{"start":{"line":17,"column":4},"end":{"line":17,"column":16}},"7":{"start":{"line":20,"column":4},"end":{"line":20,"column":null}},"8":{"start":{"line":6,"column":13},"end":{"line":6,"column":29}},"9":{"start":{"line":24,"column":26},"end":{"line":46,"column":2}},"10":{"start":{"line":28,"column":13},"end":{"line":46,"column":2}},"11":{"start":{"line":31,"column":41},"end":{"line":39,"column":null}},"12":{"start":{"line":31,"column":12},"end":{"line":31,"column":41}},"13":{"start":{"line":40,"column":4},"end":{"line":40,"column":16}},"14":{"start":{"line":42,"column":6},"end":{"line":42,"column":null}},"15":{"start":{"line":24,"column":13},"end":{"line":24,"column":26}},"16":{"start":{"line":48,"column":26},"end":{"line":58,"column":2}},"17":{"start":{"line":48,"column":43},"end":{"line":58,"column":2}},"18":{"start":{"line":50,"column":41},"end":{"line":52,"column":null}},"19":{"start":{"line":50,"column":12},"end":{"line":50,"column":41}},"20":{"start":{"line":53,"column":4},"end":{"line":53,"column":16}},"21":{"start":{"line":55,"column":6},"end":{"line":55,"column":null}},"22":{"start":{"line":48,"column":13},"end":{"line":48,"column":26}}},"fnMap":{"0":{"name":"(anonymous_13)","decl":{"start":{"line":6,"column":29},"end":{"line":6,"column":null}},"loc":{"start":{"line":9,"column":13},"end":{"line":22,"column":2}}},"1":{"name":"(anonymous_14)","decl":{"start":{"line":9,"column":13},"end":{"line":9,"column":null}},"loc":{"start":{"line":9,"column":13},"end":{"line":22,"column":2}}},"2":{"name":"(anonymous_16)","decl":{"start":{"line":24,"column":26},"end":{"line":24,"column":null}},"loc":{"start":{"line":28,"column":13},"end":{"line":46,"column":2}}},"3":{"name":"(anonymous_17)","decl":{"start":{"line":28,"column":13},"end":{"line":28,"column":null}},"loc":{"start":{"line":28,"column":13},"end":{"line":46,"column":2}}},"4":{"name":"(anonymous_19)","decl":{"start":{"line":48,"column":26},"end":{"line":48,"column":33}},"loc":{"start":{"line":48,"column":43},"end":{"line":58,"column":2}}},"5":{"name":"(anonymous_20)","decl":{"start":{"line":48,"column":43},"end":{"line":48,"column":null}},"loc":{"start":{"line":48,"column":43},"end":{"line":58,"column":2}}}},"branchMap":{},"s":{"0":1,"1":1,"2":1,"3":1,"4":1,"5":1,"6":1,"7":0,"8":1,"9":1,"10":1,"11":1,"12":1,"13":1,"14":0,"15":1,"16":1,"17":2,"18":2,"19":2,"20":1,"21":1,"22":1},"f":{"0":1,"1":1,"2":1,"3":1,"4":2,"5":2},"b":{}}
}
