TN:
SF:src\Config\dbConn.ts
FNF:0
FNH:0
DA:1,1
DA:2,1
DA:4,1
DA:5,1
DA:6,0
DA:9,1
LF:6
LH:5
BRDA:5,0,0,0
BRF:1
BRH:0
end_of_record
TN:
SF:src\helpers\Student.ts
FN:6,(anonymous_13)
FN:9,(anonymous_14)
FN:24,(anonymous_16)
FN:28,(anonymous_17)
FN:48,(anonymous_19)
FN:48,(anonymous_20)
FNF:6
FNH:6
FNDA:1,(anonymous_13)
FNDA:1,(anonymous_14)
FNDA:1,(anonymous_16)
FNDA:1,(anonymous_17)
FNDA:2,(anonymous_19)
FNDA:2,(anonymous_20)
DA:1,1
DA:2,1
DA:6,1
DA:9,1
DA:12,1
DA:17,1
DA:20,0
DA:24,1
DA:28,1
DA:31,1
DA:40,1
DA:42,0
DA:48,2
DA:50,2
DA:53,1
DA:55,1
LF:16
LH:14
BRF:0
BRH:0
end_of_record
